2026-04-22 15:06:03,690 - INFO - Sending order request : {'symbol': 'BTCUSDT', 'side': 'BUY', 'type': 'MARKET', 'quantity': '0.001'}
2026-04-22 15:06:03,690 - ERROR - Order failed : 'Client' object has no attribute 'future_create_order'
2026-04-22 15:07:02,782 - INFO - Sending order request : {'symbol': 'BTCUSDT', 'side': 'BUY', 'type': 'MARKET', 'quantity': '0.001'}
2026-04-22 15:07:02,783 - ERROR - Order failed : API Secret required for private endpoints
2026-04-22 15:07:50,681 - INFO - Sending order request : {'symbol': 'BTCUSDT', 'side': 'BUY', 'type': 'MARKET', 'quantity': '0.001'}
2026-04-22 15:07:50,682 - ERROR - Order failed : API Secret required for private endpoints
2026-04-22 15:08:05,320 - INFO - Sending order request : {'symbol': 'BTCUSDT', 'side': 'BUY', 'type': 'MARKET', 'quantity': '0.001'}
2026-04-22 15:08:05,320 - ERROR - Order failed : API Secret required for private endpoints
2026-04-22 15:11:32,696 - INFO - Sending order request : {'symbol': 'BTCUSDT', 'side': 'BUY', 'type': 'MARKET', 'quantity': '0.001'}
2026-04-22 15:11:32,697 - ERROR - Order failed : API Secret required for private endpoints
2026-04-22 16:29:58,511 - INFO - Sending order request : {'symbol': 'BTCUSDT', 'side': 'BUY', 'type': 'MARKET', 'quantity': '0.001'}
2026-04-22 16:29:58,512 - ERROR - Order failed : API Secret required for private endpoints
2026-04-22 16:33:25,830 - INFO - Sending order request : {'symbol': 'BTCUSDT', 'side': 'BUY', 'type': 'MARKET', 'quantity': '0.001'}
2026-04-22 16:33:25,830 - ERROR - Order failed : API Secret required for private endpoints
2026-04-22 16:34:23,364 - INFO - Sending order request : {'symbol': 'BTCUSDT', 'side': 'BUY', 'type': 'MARKET', 'quantity': '0.001'}
2026-04-22 16:34:38,697 - ERROR - Order failed : APIError(code=-1021): Timestamp for this request is outside of the recvWindow.
2026-04-22 16:36:35,061 - INFO - Sending order request : {'symbol': 'BTCUSDT', 'side': 'BUY', 'type': 'MARKET', 'quantity': '0.001'}
2026-04-22 16:36:35,919 - ERROR - Order failed : APIError(code=-2019): Margin is insufficient.
2026-04-22 16:37:07,542 - INFO - Sending order request : {'symbol': 'BTCUSDT', 'side': 'BUY', 'type': 'MARKET', 'quantity': '0.000001'}
2026-04-22 16:37:08,358 - ERROR - Order failed : APIError(code=-1111): Precision is over the maximum defined for this asset.
2026-04-22 16:37:18,293 - INFO - Sending order request : {'symbol': 'BTCUSDT', 'side': 'BUY', 'type': 'MARKET', 'quantity': '0.0001'}
2026-04-22 16:37:19,087 - ERROR - Order failed : APIError(code=-4164): Order's notional must be no smaller than 50 (unless you choose reduce only).
2026-04-22 16:37:34,377 - INFO - Sending order request : {'symbol': 'BTCUSDT', 'side': 'BUY', 'type': 'MARKET', 'quantity': '0.001'}
2026-04-22 16:37:35,348 - ERROR - Order failed : APIError(code=-2019): Margin is insufficient.
2026-04-22 16:42:40,959 - INFO - Sending order request : {'symbol': 'BTCUSDT', 'side': 'SELL', 'type': 'MARKET', 'quantity': '0.001'}
2026-04-22 16:42:41,799 - ERROR - Order failed : APIError(code=-2019): Margin is insufficient.
